Error: bind EADDRINUSE null:3000
    at listenOnMasterHandle (net.js:1367:16)
    at shared (internal/cluster/child.js:123:3)
    at Worker.<anonymous> (internal/cluster/child.js:94:7)
    at process.onInternalMessage (internal/cluster/utils.js:43:8)
    at process.emit (events.js:215:7)
    at emit (internal/child_process.js:876:12)
    at processTicksAndRejections (internal/process/task_queues.js:81:21)
Error: bind EADDRINUSE null:3000
    at listenOnMasterHandle (net.js:1367:16)
    at shared (internal/cluster/child.js:123:3)
    at Worker.<anonymous> (internal/cluster/child.js:94:7)
    at process.onInternalMessage (internal/cluster/utils.js:43:8)
    at process.emit (events.js:215:7)
    at emit (internal/child_process.js:876:12)
    at processTicksAndRejections (internal/process/task_queues.js:81:21)
Error: bind EADDRINUSE null:3000
    at listenOnMasterHandle (net.js:1367:16)
    at shared (internal/cluster/child.js:123:3)
    at Worker.<anonymous> (internal/cluster/child.js:94:7)
    at process.onInternalMessage (internal/cluster/utils.js:43:8)
    at process.emit (events.js:215:7)
    at emit (internal/child_process.js:876:12)
    at processTicksAndRejections (internal/process/task_queues.js:81:21)
Error: bind EADDRINUSE null:3000
    at listenOnMasterHandle (net.js:1367:16)
    at shared (internal/cluster/child.js:123:3)
    at Worker.<anonymous> (internal/cluster/child.js:94:7)
    at process.onInternalMessage (internal/cluster/utils.js:43:8)
    at process.emit (events.js:215:7)
    at emit (internal/child_process.js:876:12)
    at processTicksAndRejections (internal/process/task_queues.js:81:21)
Error: bind EADDRINUSE null:3000
    at listenOnMasterHandle (net.js:1367:16)
    at shared (internal/cluster/child.js:123:3)
    at Worker.<anonymous> (internal/cluster/child.js:94:7)
    at process.onInternalMessage (internal/cluster/utils.js:43:8)
    at process.emit (events.js:215:7)
    at emit (internal/child_process.js:876:12)
    at processTicksAndRejections (internal/process/task_queues.js:81:21)
Error: bind EADDRINUSE null:3000
    at listenOnMasterHandle (net.js:1367:16)
    at shared (internal/cluster/child.js:123:3)
    at Worker.<anonymous> (internal/cluster/child.js:94:7)
    at process.onInternalMessage (internal/cluster/utils.js:43:8)
    at process.emit (events.js:215:7)
    at emit (internal/child_process.js:876:12)
    at processTicksAndRejections (internal/process/task_queues.js:81:21)
Error: bind EADDRINUSE null:3000
    at listenOnMasterHandle (net.js:1367:16)
    at shared (internal/cluster/child.js:123:3)
    at Worker.<anonymous> (internal/cluster/child.js:94:7)
    at process.onInternalMessage (internal/cluster/utils.js:43:8)
    at process.emit (events.js:215:7)
    at emit (internal/child_process.js:876:12)
    at processTicksAndRejections (internal/process/task_queues.js:81:21)
Error: bind EADDRINUSE null:3000
    at listenOnMasterHandle (net.js:1367:16)
    at shared (internal/cluster/child.js:123:3)
    at Worker.<anonymous> (internal/cluster/child.js:94:7)
    at process.onInternalMessage (internal/cluster/utils.js:43:8)
    at process.emit (events.js:215:7)
    at emit (internal/child_process.js:876:12)
    at processTicksAndRejections (internal/process/task_queues.js:81:21)
Error: bind EADDRINUSE null:3000
    at listenOnMasterHandle (net.js:1367:16)
    at shared (internal/cluster/child.js:123:3)
    at Worker.<anonymous> (internal/cluster/child.js:94:7)
    at process.onInternalMessage (internal/cluster/utils.js:43:8)
    at process.emit (events.js:215:7)
    at emit (internal/child_process.js:876:12)
    at processTicksAndRejections (internal/process/task_queues.js:81:21)
Error: bind EADDRINUSE null:3000
    at listenOnMasterHandle (net.js:1367:16)
    at shared (internal/cluster/child.js:123:3)
    at Worker.<anonymous> (internal/cluster/child.js:94:7)
    at process.onInternalMessage (internal/cluster/utils.js:43:8)
    at process.emit (events.js:215:7)
    at emit (internal/child_process.js:876:12)
    at processTicksAndRejections (internal/process/task_queues.js:81:21)
Error: bind EADDRINUSE null:3000
    at listenOnMasterHandle (net.js:1367:16)
    at shared (internal/cluster/child.js:123:3)
    at Worker.<anonymous> (internal/cluster/child.js:94:7)
    at process.onInternalMessage (internal/cluster/utils.js:43:8)
    at process.emit (events.js:215:7)
    at emit (internal/child_process.js:876:12)
    at processTicksAndRejections (internal/process/task_queues.js:81:21)
Error: bind EADDRINUSE null:3000
    at listenOnMasterHandle (net.js:1367:16)
    at shared (internal/cluster/child.js:123:3)
    at Worker.<anonymous> (internal/cluster/child.js:94:7)
    at process.onInternalMessage (internal/cluster/utils.js:43:8)
    at process.emit (events.js:215:7)
    at emit (internal/child_process.js:876:12)
    at processTicksAndRejections (internal/process/task_queues.js:81:21)
Error: bind EADDRINUSE null:3000
    at listenOnMasterHandle (net.js:1367:16)
    at shared (internal/cluster/child.js:123:3)
    at Worker.<anonymous> (internal/cluster/child.js:94:7)
    at process.onInternalMessage (internal/cluster/utils.js:43:8)
    at process.emit (events.js:215:7)
    at emit (internal/child_process.js:876:12)
    at processTicksAndRejections (internal/process/task_queues.js:81:21)
Error: bind EADDRINUSE null:3000
    at listenOnMasterHandle (net.js:1367:16)
    at shared (internal/cluster/child.js:123:3)
    at Worker.<anonymous> (internal/cluster/child.js:94:7)
    at process.onInternalMessage (internal/cluster/utils.js:43:8)
    at process.emit (events.js:215:7)
    at emit (internal/child_process.js:876:12)
    at processTicksAndRejections (internal/process/task_queues.js:81:21)
Error: bind EADDRINUSE null:3000
    at listenOnMasterHandle (net.js:1367:16)
    at shared (internal/cluster/child.js:123:3)
    at Worker.<anonymous> (internal/cluster/child.js:94:7)
    at process.onInternalMessage (internal/cluster/utils.js:43:8)
    at process.emit (events.js:215:7)
    at emit (internal/child_process.js:876:12)
    at processTicksAndRejections (internal/process/task_queues.js:81:21)
Error: bind EADDRINUSE null:3000
    at listenOnMasterHandle (net.js:1367:16)
    at shared (internal/cluster/child.js:123:3)
    at Worker.<anonymous> (internal/cluster/child.js:94:7)
    at process.onInternalMessage (internal/cluster/utils.js:43:8)
    at process.emit (events.js:215:7)
    at emit (internal/child_process.js:876:12)
    at processTicksAndRejections (internal/process/task_queues.js:81:21)
Error: bind EADDRINUSE null:3000
    at listenOnMasterHandle (net.js:1367:16)
    at shared (internal/cluster/child.js:123:3)
    at Worker.<anonymous> (internal/cluster/child.js:94:7)
    at process.onInternalMessage (internal/cluster/utils.js:43:8)
    at process.emit (events.js:215:7)
    at emit (internal/child_process.js:876:12)
    at processTicksAndRejections (internal/process/task_queues.js:81:21)
Error: bind EADDRINUSE null:3000
    at listenOnMasterHandle (net.js:1367:16)
    at shared (internal/cluster/child.js:123:3)
    at Worker.<anonymous> (internal/cluster/child.js:94:7)
    at process.onInternalMessage (internal/cluster/utils.js:43:8)
    at process.emit (events.js:215:7)
    at emit (internal/child_process.js:876:12)
    at processTicksAndRejections (internal/process/task_queues.js:81:21)
Error: bind EADDRINUSE null:3000
    at listenOnMasterHandle (net.js:1367:16)
    at shared (internal/cluster/child.js:123:3)
    at Worker.<anonymous> (internal/cluster/child.js:94:7)
    at process.onInternalMessage (internal/cluster/utils.js:43:8)
    at process.emit (events.js:215:7)
    at emit (internal/child_process.js:876:12)
    at processTicksAndRejections (internal/process/task_queues.js:81:21)
Error: bind EADDRINUSE null:3000
    at listenOnMasterHandle (net.js:1367:16)
    at shared (internal/cluster/child.js:123:3)
    at Worker.<anonymous> (internal/cluster/child.js:94:7)
    at process.onInternalMessage (internal/cluster/utils.js:43:8)
    at process.emit (events.js:215:7)
    at emit (internal/child_process.js:876:12)
    at processTicksAndRejections (internal/process/task_queues.js:81:21)
Error: bind EADDRINUSE null:3000
    at listenOnMasterHandle (net.js:1367:16)
    at shared (internal/cluster/child.js:123:3)
    at Worker.<anonymous> (internal/cluster/child.js:94:7)
    at process.onInternalMessage (internal/cluster/utils.js:43:8)
    at process.emit (events.js:215:7)
    at emit (internal/child_process.js:876:12)
    at processTicksAndRejections (internal/process/task_queues.js:81:21)
Error: bind EADDRINUSE null:3000
    at listenOnMasterHandle (net.js:1367:16)
    at shared (internal/cluster/child.js:123:3)
    at Worker.<anonymous> (internal/cluster/child.js:94:7)
    at process.onInternalMessage (internal/cluster/utils.js:43:8)
    at process.emit (events.js:215:7)
    at emit (internal/child_process.js:876:12)
    at processTicksAndRejections (internal/process/task_queues.js:81:21)
Error: bind EADDRINUSE null:3000
    at listenOnMasterHandle (net.js:1367:16)
    at shared (internal/cluster/child.js:123:3)
    at Worker.<anonymous> (internal/cluster/child.js:94:7)
    at process.onInternalMessage (internal/cluster/utils.js:43:8)
    at process.emit (events.js:215:7)
    at emit (internal/child_process.js:876:12)
    at processTicksAndRejections (internal/process/task_queues.js:81:21)
Error: bind EADDRINUSE null:3000
    at listenOnMasterHandle (net.js:1367:16)
    at shared (internal/cluster/child.js:123:3)
    at Worker.<anonymous> (internal/cluster/child.js:94:7)
    at process.onInternalMessage (internal/cluster/utils.js:43:8)
    at process.emit (events.js:215:7)
    at emit (internal/child_process.js:876:12)
    at processTicksAndRejections (internal/process/task_queues.js:81:21)
Error: bind EADDRINUSE null:3000
    at listenOnMasterHandle (net.js:1367:16)
    at shared (internal/cluster/child.js:123:3)
    at Worker.<anonymous> (internal/cluster/child.js:94:7)
    at process.onInternalMessage (internal/cluster/utils.js:43:8)
    at process.emit (events.js:215:7)
    at emit (internal/child_process.js:876:12)
    at processTicksAndRejections (internal/process/task_queues.js:81:21)
Error: bind EADDRINUSE null:3000
    at listenOnMasterHandle (net.js:1367:16)
    at shared (internal/cluster/child.js:123:3)
    at Worker.<anonymous> (internal/cluster/child.js:94:7)
    at process.onInternalMessage (internal/cluster/utils.js:43:8)
    at process.emit (events.js:215:7)
    at emit (internal/child_process.js:876:12)
    at processTicksAndRejections (internal/process/task_queues.js:81:21)
Error: bind EADDRINUSE null:3000
    at listenOnMasterHandle (net.js:1367:16)
    at shared (internal/cluster/child.js:123:3)
    at Worker.<anonymous> (internal/cluster/child.js:94:7)
    at process.onInternalMessage (internal/cluster/utils.js:43:8)
    at process.emit (events.js:215:7)
    at emit (internal/child_process.js:876:12)
    at processTicksAndRejections (internal/process/task_queues.js:81:21)
Error: bind EADDRINUSE null:3000
    at listenOnMasterHandle (net.js:1367:16)
    at shared (internal/cluster/child.js:123:3)
    at Worker.<anonymous> (internal/cluster/child.js:94:7)
    at process.onInternalMessage (internal/cluster/utils.js:43:8)
    at process.emit (events.js:215:7)
    at emit (internal/child_process.js:876:12)
    at processTicksAndRejections (internal/process/task_queues.js:81:21)
Error: bind EADDRINUSE null:3000
    at listenOnMasterHandle (net.js:1367:16)
    at shared (internal/cluster/child.js:123:3)
    at Worker.<anonymous> (internal/cluster/child.js:94:7)
    at process.onInternalMessage (internal/cluster/utils.js:43:8)
    at process.emit (events.js:215:7)
    at emit (internal/child_process.js:876:12)
    at processTicksAndRejections (internal/process/task_queues.js:81:21)
